{
  "stats": {
    "suites": 1,
    "tests": 2,
    "passes": 2,
    "pending": 0,
    "failures": 0,
    "start": "2025-03-14T14:14:09.799Z",
    "end": "2025-03-14T14:14:09.891Z",
    "duration": 92,
    "testsRegistered": 2,
    "passPercent": 100,
    "pendingPercent": 0,
    "other": 0,
    "hasOther": false,
    "skipped": 0,
    "hasSkipped": false
  },
  "results": [
    {
      "uuid": "94230d99-5e90-4ccd-b85d-658c50ffc49c",
      "title": "",
      "fullFile": "cypress\\e2e\\loginPageTest.cy.js",
      "file": "cypress\\e2e\\loginPageTest.cy.js",
      "beforeHooks": [],
      "afterHooks": [],
      "tests": [],
      "suites": [
        {
          "uuid": "70feab28-3b82-45a5-9f68-c77d3bf2a003",
          "title": "My First Test Suite",
          "fullFile": "",
          "file": "",
          "beforeHooks": [],
          "afterHooks": [],
          "tests": [
            {
              "title": "Stores a string in Cypress.env",
              "fullTitle": "My First Test Suite Stores a string in Cypress.env",
              "timedOut": null,
              "duration": 21,
              "state": "passed",
              "speed": "fast",
              "pass": true,
              "fail": false,
              "pending": false,
              "context": null,
              "code": "const myString = 'shubham!';\nCypress.env('sharedString', myString);",
              "err": {},
              "uuid": "3721f8c5-3f26-41d8-8949-4d2992d02af4",
              "parentUUID": "70feab28-3b82-45a5-9f68-c77d3bf2a003",
              "isHook": false,
              "skipped": false
            },
            {
              "title": "Accesses the stored string",
              "fullTitle": "My First Test Suite Accesses the stored string",
              "timedOut": null,
              "duration": 17,
              "state": "passed",
              "speed": "fast",
              "pass": true,
              "fail": false,
              "pending": false,
              "context": null,
              "code": "const retrievedString = Cypress.env('sharedString');\ncy.log(retrievedString); // Logs: \"Hello, Cypress!\"",
              "err": {},
              "uuid": "28a93c6e-d8dc-4522-925e-b1632f1d3059",
              "parentUUID": "70feab28-3b82-45a5-9f68-c77d3bf2a003",
              "isHook": false,
              "skipped": false
            }
          ],
          "suites": [],
          "passes": [
            "3721f8c5-3f26-41d8-8949-4d2992d02af4",
            "28a93c6e-d8dc-4522-925e-b1632f1d3059"
          ],
          "failures": [],
          "pending": [],
          "skipped": [],
          "duration": 38,
          "root": false,
          "rootEmpty": false,
          "_timeout": 2000
        }
      ],
      "passes": [],
      "failures": [],
      "pending": [],
      "skipped": [],
      "duration": 0,
      "root": true,
      "rootEmpty": true,
      "_timeout": 2000
    }
  ],
  "meta": {
    "mocha": {
      "version": "7.0.1"
    },
    "mochawesome": {
      "options": {
        "quiet": false,
        "reportFilename": "mochawesome",
        "saveHtml": false,
        "saveJson": true,
        "consoleReporter": "spec",
        "useInlineDiffs": false,
        "code": true
      },
      "version": "7.1.3"
    },
    "marge": {
      "options": {
        "overwrite": false,
        "html": false,
        "json": true,
        "reportDir": "cypress\\reports\\html\\.jsons"
      },
      "version": "6.2.0"
    }
  }
}