{
  "stats": {
    "suites": 1,
    "tests": 2,
    "passes": 2,
    "pending": 0,
    "failures": 0,
    "start": "2025-03-14T14:09:06.504Z",
    "end": "2025-03-14T14:09:06.595Z",
    "duration": 91,
    "testsRegistered": 2,
    "passPercent": 100,
    "pendingPercent": 0,
    "other": 0,
    "hasOther": false,
    "skipped": 0,
    "hasSkipped": false
  },
  "results": [
    {
      "uuid": "1c86985d-e11c-49f2-9cf6-4a2912a464a7",
      "title": "",
      "fullFile": "cypress\\e2e\\loginPageTest.cy.js",
      "file": "cypress\\e2e\\loginPageTest.cy.js",
      "beforeHooks": [],
      "afterHooks": [],
      "tests": [],
      "suites": [
        {
          "uuid": "bac29a30-f142-493c-9c8e-7951461f757b",
          "title": "My First Test Suite",
          "fullFile": "",
          "file": "",
          "beforeHooks": [],
          "afterHooks": [],
          "tests": [
            {
              "title": "Stores a string in Cypress.env",
              "fullTitle": "My First Test Suite Stores a string in Cypress.env",
              "timedOut": null,
              "duration": 20,
              "state": "passed",
              "speed": "fast",
              "pass": true,
              "fail": false,
              "pending": false,
              "context": null,
              "code": "const myString = 'shubham!';\nCypress.env('sharedString', myString);",
              "err": {},
              "uuid": "603e41ac-f141-4cfe-85a6-465e66d8a48a",
              "parentUUID": "bac29a30-f142-493c-9c8e-7951461f757b",
              "isHook": false,
              "skipped": false
            },
            {
              "title": "Accesses the stored string",
              "fullTitle": "My First Test Suite Accesses the stored string",
              "timedOut": null,
              "duration": 17,
              "state": "passed",
              "speed": "fast",
              "pass": true,
              "fail": false,
              "pending": false,
              "context": null,
              "code": "const retrievedString = Cypress.env('sharedString');\ncy.log(retrievedString); // Logs: \"Hello, Cypress!\"",
              "err": {},
              "uuid": "cab1bec8-f4bf-4900-b38b-581b05ddc6fc",
              "parentUUID": "bac29a30-f142-493c-9c8e-7951461f757b",
              "isHook": false,
              "skipped": false
            }
          ],
          "suites": [],
          "passes": [
            "603e41ac-f141-4cfe-85a6-465e66d8a48a",
            "cab1bec8-f4bf-4900-b38b-581b05ddc6fc"
          ],
          "failures": [],
          "pending": [],
          "skipped": [],
          "duration": 37,
          "root": false,
          "rootEmpty": false,
          "_timeout": 2000
        }
      ],
      "passes": [],
      "failures": [],
      "pending": [],
      "skipped": [],
      "duration": 0,
      "root": true,
      "rootEmpty": true,
      "_timeout": 2000
    }
  ],
  "meta": {
    "mocha": {
      "version": "7.0.1"
    },
    "mochawesome": {
      "options": {
        "quiet": false,
        "reportFilename": "mochawesome",
        "saveHtml": false,
        "saveJson": true,
        "consoleReporter": "spec",
        "useInlineDiffs": false,
        "code": true
      },
      "version": "7.1.3"
    },
    "marge": {
      "options": {
        "overwrite": false,
        "html": false,
        "json": true,
        "reportDir": "cypress\\reports\\html\\.jsons"
      },
      "version": "6.2.0"
    }
  }
}