{
  "stats": {
    "suites": 1,
    "tests": 1,
    "passes": 0,
    "pending": 0,
    "failures": 1,
    "start": "2025-03-14T13:59:18.847Z",
    "end": "2025-03-14T13:59:33.396Z",
    "duration": 14549,
    "testsRegistered": 1,
    "passPercent": 0,
    "pendingPercent": 0,
    "other": 0,
    "hasOther": false,
    "skipped": 0,
    "hasSkipped": false
  },
  "results": [
    {
      "uuid": "881c259d-4296-4e6f-a396-3010a5072003",
      "title": "",
      "fullFile": "cypress\\e2e\\element.cy.js",
      "file": "cypress\\e2e\\element.cy.js",
      "beforeHooks": [],
      "afterHooks": [],
      "tests": [],
      "suites": [
        {
          "uuid": "913de3d9-f09b-41ad-9f94-55338e3af907",
          "title": "My First Test Suite",
          "fullFile": "",
          "file": "",
          "beforeHooks": [],
          "afterHooks": [],
          "tests": [
            {
              "title": "My First Test Case",
              "fullTitle": "My First Test Suite My First Test Case",
              "timedOut": null,
              "duration": 14459,
              "state": "failed",
              "speed": null,
              "pass": false,
              "fail": true,
              "pending": false,
              "context": null,
              "code": "cy.visit(Cypress.config('baseUrl'));\ncy.wait(3000);\ncy.get(\"div[id='SIvCob'] a[href]\").then(elements => {\n  // Loop through all the elements and log their text\n  for (let i = 0; i < elements.length; i++) {\n    //     cy.log(`${elements[i].innerText}`);\n    cy.log(elements[i].innerText);\n  }\n});",
              "err": {
                "message": "AssertionError: Timed out retrying after 4000ms: Expected to find element: `div[id='SIvCob'] a[href]`, but never found it.",
                "estack": "AssertionError: Timed out retrying after 4000ms: Expected to find element: `div[id='SIvCob'] a[href]`, but never found it.\n    at Context.eval (webpack://cypress-auto/./cypress/e2e/element.cy.js:5:7)",
                "diff": null
              },
              "uuid": "ddefa7e0-6e2b-45f6-932e-9b77f445472f",
              "parentUUID": "913de3d9-f09b-41ad-9f94-55338e3af907",
              "isHook": false,
              "skipped": false
            }
          ],
          "suites": [],
          "passes": [],
          "failures": [
            "ddefa7e0-6e2b-45f6-932e-9b77f445472f"
          ],
          "pending": [],
          "skipped": [],
          "duration": 14459,
          "root": false,
          "rootEmpty": false,
          "_timeout": 2000
        }
      ],
      "passes": [],
      "failures": [],
      "pending": [],
      "skipped": [],
      "duration": 0,
      "root": true,
      "rootEmpty": true,
      "_timeout": 2000
    }
  ],
  "meta": {
    "mocha": {
      "version": "7.0.1"
    },
    "mochawesome": {
      "options": {
        "quiet": false,
        "reportFilename": "mochawesome",
        "saveHtml": false,
        "saveJson": true,
        "consoleReporter": "spec",
        "useInlineDiffs": false,
        "code": true
      },
      "version": "7.1.3"
    },
    "marge": {
      "options": {
        "overwrite": false,
        "html": false,
        "json": true,
        "reportDir": "cypress\\reports\\html\\.jsons"
      },
      "version": "6.2.0"
    }
  }
}